<?xml version="1.0" encoding="UTF-8"?>
<!-- Generated by org.testng.reporters.JUnitXMLReporter -->
<testsuite hostname="DESKTOP-AA4AD8I" ignored="0" name="Test" tests="4" failures="0" timestamp="03 Jul 2019 03:07:51 GMT" time="30.922" errors="0">
  <testcase name="RadioButtonTest" time="0.339" classname="com.project.MavenProject.RadioButton1"/>
  <testcase name="checkboxTest" time="0.486" classname="com.project.MavenProject.CheckBox1"/>
  <testcase name="linktesting1" time="1.196" classname="com.project.MavenProject.LinksTesting1"/>
  <testcase name="amazon" time="3.554" classname="com.project.MavenProject.TC_005"/>
</testsuite> <!-- Test -->
