<?xml version="1.0" encoding="UTF-8"?>
<!-- Generated by org.testng.reporters.JUnitXMLReporter -->
<testsuite hostname="DESKTOP-AA4AD8I" ignored="1" name="Default test" tests="2" failures="0" timestamp="27 Jun 2019 03:26:49 GMT" time="18.04" errors="0">
  <testcase name="zomatoo" time="0.008" classname="com.project.MavenProject.TC_005"/>
  <testcase name="flipkart" time="0.001" classname="com.project.MavenProject.TC_005"/>
  <testcase name="amazon" time="0.0" classname="com.project.MavenProject.TC_005">
    <ignored/>
  </testcase> <!-- amazon -->
</testsuite> <!-- Default test -->
