<?xml version="1.0" encoding="UTF-8"?>
<!-- Generated by org.testng.reporters.JUnitXMLReporter -->
<testsuite hostname="DESKTOP-AA4AD8I" ignored="1" name="Default test" tests="4" failures="0" timestamp="04 Jul 2019 03:33:45 GMT" time="0.096" errors="0">
  <testcase name="orange" time="0.018" classname="com.project.MavenProject.DependencyTest2"/>
  <testcase name="white" time="0.003" classname="com.project.MavenProject.DependencyTest2"/>
  <testcase name="green" time="0.003" classname="com.project.MavenProject.DependencyTest2"/>
  <testcase name="yellow" time="0.003" classname="com.project.MavenProject.DependencyTest2"/>
  <testcase name="blue" time="0.0" classname="com.project.MavenProject.DependencyTest2">
    <ignored/>
  </testcase> <!-- blue -->
</testsuite> <!-- Default test -->
