<?xml version="1.0" encoding="UTF-8"?>
<!-- Generated by org.testng.reporters.JUnitXMLReporter -->
<testsuite hostname="DESKTOP-AA4AD8I" ignored="0" name="ChromeTest" tests="4" failures="0" timestamp="01 Jul 2019 03:39:58 GMT" time="38.743" errors="0">
  <testcase name="RadioButtonTest" time="0.336" classname="com.project.MavenProject.RadioButton1"/>
  <testcase name="checkboxTest" time="0.349" classname="com.project.MavenProject.CheckBox1"/>
  <testcase name="linktesting1" time="1.388" classname="com.project.MavenProject.LinksTesting1"/>
  <testcase name="amazon" time="3.713" classname="com.project.MavenProject.TC_005"/>
</testsuite> <!-- ChromeTest -->
