<?xml version="1.0" encoding="UTF-8"?>
<!-- Generated by org.testng.reporters.JUnitXMLReporter -->
<testsuite hostname="DESKTOP-AA4AD8I" ignored="0" name="FirefoxTest" tests="4" failures="0" timestamp="01 Jul 2019 03:41:51 GMT" time="113.093" errors="0">
  <testcase name="RadioButtonTest" time="0.274" classname="com.project.MavenProject.RadioButton1"/>
  <testcase name="checkboxTest" time="0.277" classname="com.project.MavenProject.CheckBox1"/>
  <testcase name="linktesting1" time="1.576" classname="com.project.MavenProject.LinksTesting1"/>
  <testcase name="amazon" time="7.015" classname="com.project.MavenProject.TC_005"/>
</testsuite> <!-- FirefoxTest -->
