<?xml version="1.0" encoding="UTF-8"?>
<testng-results skipped="0" failed="0" ignored="0" total="4" passed="4">
  <reporter-output>
    <line>
      <![CDATA[Clicked on Image Link]]>
    </line>
  </reporter-output>
  <suite name="Suite" duration-ms="30922" started-at="2019-07-03T03:07:20Z" finished-at="2019-07-03T03:07:51Z">
    <groups>
      <group name="regression">
        <method signature="CheckBox1.checkboxTest()[pri:0, instance:com.project.MavenProject.CheckBox1@27f723]" name="checkboxTest" class="com.project.MavenProject.CheckBox1"/>
        <method signature="LinksTesting1.linktesting1()[pri:0, instance:com.project.MavenProject.LinksTesting1@670b40af]" name="linktesting1" class="com.project.MavenProject.LinksTesting1"/>
        <method signature="RadioButton1.RadioButtonTest()[pri:0, instance:com.project.MavenProject.RadioButton1@5bcea91b]" name="RadioButtonTest" class="com.project.MavenProject.RadioButton1"/>
        <method signature="TC_005.amazon()[pri:1, instance:com.project.MavenProject.TC_005@5f3a4b84]" name="amazon" class="com.project.MavenProject.TC_005"/>
      </group> <!-- regression -->
      <group name="smoke">
        <method signature="CheckBox1.checkboxTest()[pri:0, instance:com.project.MavenProject.CheckBox1@27f723]" name="checkboxTest" class="com.project.MavenProject.CheckBox1"/>
        <method signature="RadioButton1.RadioButtonTest()[pri:0, instance:com.project.MavenProject.RadioButton1@5bcea91b]" name="RadioButtonTest" class="com.project.MavenProject.RadioButton1"/>
      </group> <!-- smoke -->
      <group name="sanity">
        <method signature="LinksTesting1.linktesting1()[pri:0, instance:com.project.MavenProject.LinksTesting1@670b40af]" name="linktesting1" class="com.project.MavenProject.LinksTesting1"/>
      </group> <!-- sanity -->
    </groups>
    <test name="Test" duration-ms="30922" started-at="2019-07-03T03:07:20Z" finished-at="2019-07-03T03:07:51Z">
      <class name="com.project.MavenProject.LinksTesting1">
        <test-method status="PASS" signature="setup(java.lang.String)[pri:0, instance:com.project.MavenProject.LinksTesting1@670b40af]" name="setup" is-config="true" duration-ms="3655" started-at="2019-07-03T03:07:35Z" finished-at="2019-07-03T03:07:39Z">
          <params>
            <param index="0">
              <value>
                <![CDATA[chrome]]>
              </value>
            </param>
          </params>
          <reporter-output>
          </reporter-output>
        </test-method> <!-- setup -->
        <test-method status="PASS" signature="linktesting1()[pri:0, instance:com.project.MavenProject.LinksTesting1@670b40af]" name="linktesting1" duration-ms="1196" started-at="2019-07-03T03:07:39Z" finished-at="2019-07-03T03:07:40Z">
          <reporter-output>
            <line>
              <![CDATA[Clicked on Image Link]]>
            </line>
          </reporter-output>
        </test-method> <!-- linktesting1 -->
        <test-method status="PASS" signature="tearDown()[pri:0, instance:com.project.MavenProject.LinksTesting1@670b40af]" name="tearDown" is-config="true" duration-ms="598" started-at="2019-07-03T03:07:40Z" finished-at="2019-07-03T03:07:40Z">
          <reporter-output>
          </reporter-output>
        </test-method> <!-- tearDown -->
      </class> <!-- com.project.MavenProject.LinksTesting1 -->
      <class name="com.project.MavenProject.CheckBox1">
        <test-method status="PASS" signature="beforeMethod(java.lang.String)[pri:0, instance:com.project.MavenProject.CheckBox1@27f723]" name="beforeMethod" is-config="true" duration-ms="5926" started-at="2019-07-03T03:07:28Z" finished-at="2019-07-03T03:07:34Z">
          <params>
            <param index="0">
              <value>
                <![CDATA[chrome]]>
              </value>
            </param>
          </params>
          <reporter-output>
          </reporter-output>
        </test-method> <!-- beforeMethod -->
        <test-method status="PASS" signature="checkboxTest()[pri:0, instance:com.project.MavenProject.CheckBox1@27f723]" name="checkboxTest" duration-ms="486" started-at="2019-07-03T03:07:34Z" finished-at="2019-07-03T03:07:34Z">
          <reporter-output>
          </reporter-output>
        </test-method> <!-- checkboxTest -->
        <test-method status="PASS" signature="afterMethod()[pri:0, instance:com.project.MavenProject.CheckBox1@27f723]" name="afterMethod" is-config="true" duration-ms="604" started-at="2019-07-03T03:07:34Z" finished-at="2019-07-03T03:07:35Z">
          <reporter-output>
          </reporter-output>
        </test-method> <!-- afterMethod -->
      </class> <!-- com.project.MavenProject.CheckBox1 -->
      <class name="com.project.MavenProject.TC_005">
        <test-method status="PASS" signature="startProcess(java.lang.String)[pri:0, instance:com.project.MavenProject.TC_005@5f3a4b84]" name="startProcess" is-config="true" duration-ms="5651" started-at="2019-07-03T03:07:40Z" finished-at="2019-07-03T03:07:46Z">
          <params>
            <param index="0">
              <value>
                <![CDATA[chrome]]>
              </value>
            </param>
          </params>
          <reporter-output>
          </reporter-output>
        </test-method> <!-- startProcess -->
        <test-method status="PASS" signature="amazon()[pri:1, instance:com.project.MavenProject.TC_005@5f3a4b84]" name="amazon" duration-ms="3554" started-at="2019-07-03T03:07:46Z" finished-at="2019-07-03T03:07:50Z">
          <reporter-output>
          </reporter-output>
        </test-method> <!-- amazon -->
        <test-method status="PASS" signature="endProcess()[pri:0, instance:com.project.MavenProject.TC_005@5f3a4b84]" name="endProcess" is-config="true" duration-ms="1045" started-at="2019-07-03T03:07:50Z" finished-at="2019-07-03T03:07:51Z">
          <reporter-output>
          </reporter-output>
        </test-method> <!-- endProcess -->
      </class> <!-- com.project.MavenProject.TC_005 -->
      <class name="com.project.MavenProject.RadioButton1">
        <test-method status="PASS" signature="beforeMethod(java.lang.String)[pri:0, instance:com.project.MavenProject.RadioButton1@5bcea91b]" name="beforeMethod" is-config="true" duration-ms="7196" started-at="2019-07-03T03:07:20Z" finished-at="2019-07-03T03:07:27Z">
          <params>
            <param index="0">
              <value>
                <![CDATA[chrome]]>
              </value>
            </param>
          </params>
          <reporter-output>
          </reporter-output>
        </test-method> <!-- beforeMethod -->
        <test-method status="PASS" signature="RadioButtonTest()[pri:0, instance:com.project.MavenProject.RadioButton1@5bcea91b]" name="RadioButtonTest" duration-ms="339" started-at="2019-07-03T03:07:27Z" finished-at="2019-07-03T03:07:27Z">
          <reporter-output>
          </reporter-output>
        </test-method> <!-- RadioButtonTest -->
        <test-method status="PASS" signature="afterMethod()[pri:0, instance:com.project.MavenProject.RadioButton1@5bcea91b]" name="afterMethod" is-config="true" duration-ms="618" started-at="2019-07-03T03:07:27Z" finished-at="2019-07-03T03:07:28Z">
          <reporter-output>
          </reporter-output>
        </test-method> <!-- afterMethod -->
      </class> <!-- com.project.MavenProject.RadioButton1 -->
    </test> <!-- Test -->
  </suite> <!-- Suite -->
</testng-results>
